<?xml version="1.0" encoding="UTF-8"?>
<testsuite xmlns:xsi="http://www.w3.org/2001/XMLSchema-instance" xsi:noNamespaceSchemaLocation="https://maven.apache.org/surefire/maven-surefire-plugin/xsd/surefire-test-report-3.0.xsd" version="3.0" name="tests.WebServiceTest" time="7.107" tests="1" errors="0" skipped="0" failures="1">
  <properties>
[...]
</properties>
  <testcase name="trelloTest" classname="tests.WebServiceTest" time="7.075">
    <failure type="java.lang.AssertionError"><![CDATA[java.lang.AssertionError: 
1 expectation failed.
JSON path id doesn't match.
Expected: a collection with size <3>
  Actual: <[60c51e83b52d6e2d44153adb]>

	at tests.WebServiceTest.trelloTest(WebServiceTest.java:52)
]]></failure>
    <system-out><![CDATA[23:52:15.937 [main] INFO  pages.TrelloPage - Board Created. Name : Test Board, ID : 60c51e7f633de236e110bb34
23:52:16.173 [main] INFO  pages.TrelloPage - List Created. Name : Test List, ID : 60c51e80082353606f141bf6
[{"id":"60c51e80082353606f141bf6","name":"Test List","closed":false,"pos":8192,"softLimit":null,"idBoard":"60c51e7f633de236e110bb34","subscribed":false},{"id":"60c51e7f633de236e110bb35","name":"Yapılacaklar","closed":false,"pos":16384,"softLimit":null,"idBoard":"60c51e7f633de236e110bb34","subscribed":false},{"id":"60c51e7f633de236e110bb36","name":"Yapılıyor","closed":false,"pos":32768,"softLimit":null,"idBoard":"60c51e7f633de236e110bb34","subscribed":false},{"id":"60c51e7f633de236e110bb37","name":"Tamamlandı","closed":false,"pos":49152,"softLimit":null,"idBoard":"60c51e7f633de236e110bb34","subscribed":false}]
23:52:16.362 [main] INFO  pages.TrelloPage - Lists size : 4 for board with ID : 60c51e7f633de236e110bb34
23:52:19.692 [main] INFO  pages.TrelloPage - Card Created. Name : Test Card, ID : 60c51e83b52d6e2d44153adb
]]></system-out>
    <system-err><![CDATA[Jun 12, 2021 11:52:16 PM org.apache.http.client.protocol.ResponseProcessCookies processCookies
WARNING: Invalid cookie header: "Set-Cookie: dsc=3c1dc48b15eabe8f17be0dd6b8854819d27d1fb6cae9d0d13f56b7d1d5662543; Path=/; Expires=Tue, 15 Jun 2021 20:52:16 GMT; Secure". Invalid 'expires' attribute: Tue, 15 Jun 2021 20:52:16 GMT
]]></system-err>
  </testcase>
</testsuite>